<?xml version="1.0" encoding="UTF-8"?>
<!-- Generated by org.testng.reporters.JUnitXMLReporter -->
<testsuite ignored="0" hostname="Aksheshs-MacBook-Pro.local" failures="0" tests="2" name="test" time="0.127" errors="0" timestamp="2025-01-06T18:43:21 PST">
  <testcase classname="gopi_Seleniummav.TestComponenets.Base" name="@BeforeTest launchApplication" time="0.01">
    <failure type="java.io.FileNotFoundException" message="/Users/akshesh/Documents/Eclipse_Workspace/PageObject/src/main/java/Gopi_Selenium/Resources/GlobalFile.properties (No such file or directory)">
      <![CDATA[java.io.FileNotFoundException: /Users/akshesh/Documents/Eclipse_Workspace/PageObject/src/main/java/Gopi_Selenium/Resources/GlobalFile.properties (No such file or directory)
at java.base/java.io.FileInputStream.open0(Native Method)
at java.base/java.io.FileInputStream.open(FileInputStream.java:213)
at java.base/java.io.FileInputStream.<init>(FileInputStream.java:152)
at java.base/java.io.FileInputStream.<init>(FileInputStream.java:106)
at gopi_Seleniummav.TestComponenets.Base.initializeDriver(Base.java:40)
at gopi_Seleniummav.TestComponenets.Base.launchApplication(Base.java:95)
... Removed 22 stack frames]]>
    </failure>
  </testcase> <!-- @BeforeTest launchApplication -->
  <testcase classname="gopi_Seleniummav.StandAloneTest" name="submitOrderFlow" time="0.0">
    <skipped/>
  </testcase> <!-- submitOrderFlow -->
  <testcase classname="gopi_Seleniummav.StandAloneTest" name="orderHistoryValidation" time="0.001">
    <skipped/>
  </testcase> <!-- orderHistoryValidation -->
</testsuite> <!-- test -->
